number,value,datetime_start,datetime_complete,duration,params_batch_size,params_learning_rate,params_lora_alpha,params_lora_r,params_num_beams,params_temperature,params_top_p,params_warmup_ratio,params_weight_decay,state
98,0.6563405905431252,2025-10-10 14:13:11.148836,2025-10-10 14:13:11.156037,0 days 00:00:00.007201,8,4.8237403559259434e-05,24,40,6,0.8280078532060334,0.9178596129996865,0.19987981095092316,0.09088401071362563,COMPLETE
99,0.5531466911446422,2025-10-10 14:13:11.157205,2025-10-10 14:13:11.164537,0 days 00:00:00.007332,8,4.169798321895205e-05,40,28,2,0.5917323763186556,0.9431060794763777,0.03505705253508234,0.05916414457238167,COMPLETE
