number,value,datetime_start,datetime_complete,duration,params_batch_size,params_learning_rate,params_lora_alpha,params_lora_r,params_num_beams,params_temperature,params_top_p,params_warmup_ratio,params_weight_decay,state
98,0.7359245287668882,2025-10-10 15:57:40.490425,2025-10-10 15:57:40.496284,0 days 00:00:00.005859,8,1.1575495030123521e-05,128,48,8,0.5967677172083192,0.8186943580469536,0.11181580764212602,0.0006558962343379358,COMPLETE
99,0.7651372303498886,2025-10-10 15:57:40.497286,2025-10-10 15:57:40.503216,0 days 00:00:00.005930,16,1.4255556634011983e-05,120,44,7,0.5476880517443518,0.8116892153620643,0.12088741063206815,0.006114108177206864,COMPLETE
