number,value,datetime_start,datetime_complete,duration,params_batch_size,params_learning_rate,params_lora_alpha,params_lora_r,params_num_beams,params_temperature,params_top_p,params_warmup_ratio,params_weight_decay,state
98,0.7677327557034791,2025-10-10 13:25:48.163926,2025-10-10 13:25:48.170949,0 days 00:00:00.007023,4,1.150012912984691e-05,112,28,5,0.736742163439317,0.871838186281593,0.17235415494818548,0.09845985242154465,COMPLETE
99,0.7780533043433501,2025-10-10 13:25:48.172096,2025-10-10 13:25:48.178527,0 days 00:00:00.006431,4,2.0654861681262963e-05,96,28,5,0.6630518026461916,0.8590595385949925,0.18164668075862037,0.08312401525834678,COMPLETE
