number,value,datetime_start,datetime_complete,duration,params_batch_size,params_learning_rate,params_lora_alpha,params_lora_r,params_num_beams,params_temperature,params_top_p,params_warmup_ratio,params_weight_decay,state
98,0.7130126647987466,2025-10-10 15:05:33.365181,2025-10-10 15:05:33.371501,0 days 00:00:00.006320,4,1.4128735024307687e-05,8,48,6,0.8260807619913617,0.9708280533601837,0.003819071965786021,0.08403830345053948,COMPLETE
99,0.661123361041166,2025-10-10 15:05:33.372570,2025-10-10 15:05:33.379337,0 days 00:00:00.006767,4,3.19163693398285e-05,16,44,7,0.8398048438232987,0.9660048802967275,0.01693082163846085,0.06971502058746222,COMPLETE
