number,value,datetime_start,datetime_complete,duration,params_batch_size,params_learning_rate,params_lora_alpha,params_lora_r,params_num_beams,params_temperature,params_top_p,params_warmup_ratio,params_weight_decay,state
98,0.7479278448859258,2025-10-10 14:31:47.442773,2025-10-10 14:31:47.448831,0 days 00:00:00.006058,8,1.7852483077096067e-05,24,20,4,0.5967677172083192,0.8839465580149978,0.18043667356635182,0.08665167182960068,COMPLETE
99,0.6206974544354844,2025-10-10 14:31:47.449792,2025-10-10 14:31:47.455773,0 days 00:00:00.005981,8,2.847358232418242e-05,56,16,5,0.684680166636496,0.9072369273072989,0.16365133272234855,0.07709932052003621,COMPLETE
