number,value,datetime_start,datetime_complete,duration,params_batch_size,params_learning_rate,params_lora_alpha,params_lora_r,params_num_beams,params_temperature,params_top_p,params_warmup_ratio,params_weight_decay,state
98,0.6597984507953651,2025-10-10 18:33:24.979798,2025-10-10 18:33:24.985957,0 days 00:00:00.006159,8,1.4889845285110339e-05,96,20,5,0.9056560910387602,0.8213907009595812,0.1873570798744184,0.09198780545534846,COMPLETE
99,0.6527979094799062,2025-10-10 18:33:24.987032,2025-10-10 18:33:24.993219,0 days 00:00:00.006187,8,2.66053071033939e-05,112,16,5,0.8688125824984467,0.8359552295546296,0.1791869805648998,0.0889199876562014,COMPLETE
