number,value,datetime_start,datetime_complete,duration,params_batch_size,params_learning_rate,params_lora_alpha,params_lora_r,params_num_beams,params_temperature,params_top_p,params_warmup_ratio,params_weight_decay,state
98,0.6199049963244584,2025-10-10 15:18:46.507948,2025-10-10 15:18:46.514209,0 days 00:00:00.006261,8,2.9916467355151008e-05,112,8,5,0.2900346831661279,0.9195591642089963,0.057755568203526814,0.006169402222559401,COMPLETE
99,0.5337238531245241,2025-10-10 15:18:46.515254,2025-10-10 15:18:46.521708,0 days 00:00:00.006454,8,0.00014278302792693854,120,20,7,0.23806177585359056,0.8723243395529195,0.02553798527329438,0.008567984656431627,COMPLETE
