number,value,datetime_start,datetime_complete,duration,params_batch_size,params_learning_rate,params_lora_alpha,params_lora_r,params_num_beams,params_temperature,params_top_p,params_warmup_ratio,params_weight_decay,state
98,0.6446387659760351,2025-10-10 15:27:21.330653,2025-10-10 15:27:21.336563,0 days 00:00:00.005910,8,1.6625169408679353e-05,80,32,4,0.9447946059165988,0.8389420669255103,0.16249025110489596,0.07157799323941726,COMPLETE
99,0.6147844551487432,2025-10-10 15:27:21.337486,2025-10-10 15:27:21.343420,0 days 00:00:00.005934,4,0.00024815901604591554,96,44,5,0.8207362481018609,0.8100786849966574,0.12444964995310268,0.06275914383321038,COMPLETE
