number,value,datetime_start,datetime_complete,duration,params_batch_size,params_learning_rate,params_lora_alpha,params_lora_r,params_num_beams,params_temperature,params_top_p,params_warmup_ratio,params_weight_decay,state
98,0.6267446857193242,2025-10-10 20:06:37.618683,2025-10-10 20:06:37.624673,0 days 00:00:00.005990,4,2.2671102794102827e-05,32,20,8,0.46035451790032855,0.8828512118276668,0.10033950263417583,0.0027564594012335457,COMPLETE
99,0.656646922607858,2025-10-10 20:06:37.625658,2025-10-10 20:06:37.631688,0 days 00:00:00.006030,8,4.450524452644817e-05,24,24,7,0.6121885418481761,0.9178003776721214,0.11553342592413801,0.012027852131779086,COMPLETE
