number,value,datetime_start,datetime_complete,duration,params_batch_size,params_learning_rate,params_lora_alpha,params_lora_r,params_num_beams,params_temperature,params_top_p,params_warmup_ratio,params_weight_decay,state
98,0.7282986059855675,2025-10-10 19:48:02.233267,2025-10-10 19:48:02.239482,0 days 00:00:00.006215,8,1.4499400330623384e-05,32,36,6,0.36170773004979073,0.9322982461965844,0.11886460774314118,0.03495875293944997,COMPLETE
99,0.7935400344853699,2025-10-10 19:48:02.240538,2025-10-10 19:48:02.246360,0 days 00:00:00.005822,8,2.6339617050759985e-05,80,52,6,0.2017077274674261,0.9016155797753844,0.16651543473380126,0.021825250175773712,COMPLETE
