number,value,datetime_start,datetime_complete,duration,params_batch_size,params_learning_rate,params_lora_alpha,params_lora_r,params_num_beams,params_temperature,params_top_p,params_warmup_ratio,params_weight_decay,state
98,0.8162348182334516,2025-10-10 13:45:30.002949,2025-10-10 13:45:30.009199,0 days 00:00:00.006250,8,4.311120208657887e-05,16,36,7,0.4583915903341181,0.9866670975720921,0.19344702902722982,0.06696258249905933,COMPLETE
99,0.7356643549094002,2025-10-10 13:45:30.010341,2025-10-10 13:45:30.016905,0 days 00:00:00.006564,8,7.791235212578165e-05,8,36,7,0.4040695341587897,0.978405002731075,0.18690583776570094,0.05525751649920903,COMPLETE
